C:\Program Files (x86)\Microsoft Visual Studio\2019\Enterprise\MSBuild\Microsoft\VC\v160\Microsoft.CppBuild.targets(452,5): warning MSB8028: The intermediate directory (x64\Debug\) contains files shared from another project (OpenSeesWrapper.vcxproj).  This can lead to incorrect clean and rebuild behavior.
  AnalysisWrapper.cpp
C:\Git Projects\OpenSees.NET\Win64\proj\OpenSeesNET\analysis\analysis\AnalysisWrapper.h(181,16): warning C4490: 'override': incorrect use of override specifier; 'OpenSees::Analysis::PFEMAnalysisAnalysisWrapper::Analyze' does not match a base ref class method
C:\Git Projects\OpenSees.NET\Win64\proj\OpenSeesNET\analysis\analysis\AnalysisWrapper.h(181,16): message : 'new' or 'override' are only allowed when a matching base method from a ref class exists
C:\Git Projects\OpenSees.NET\Win64\proj\OpenSeesNET\analysis\analysis\AnalysisWrapper.h(206,16): warning C4490: 'override': incorrect use of override specifier; 'OpenSees::Analysis::VariableTimeStepDirectIntegrationAnalysisWrapper::Analyze' does not match a base ref class method
  StaticIntegratorWrapper.cpp
  DamageModelWrapper.cpp
  DomainComponentWrapper.cpp
  ConstraintWrapper.cpp
  BaseDomainWrapper.cpp
  DomainEvent.cpp
  DomainWrapper.cpp
  GroudMotionWrapper.cpp
  LoadWrapper.cpp
  NodeWrapper.cpp
  LoadPatternWrapper.cpp
  TimeSeriesWrapper.cpp
  BaseElementWrapper.cpp
  ElementWrapper.cpp
  ExternalElementWrapper.cpp
  QuadWrapper.cpp
  ULBeamColumnWrapper.cpp
C:\Git Projects\OpenSees.NET\Win64\proj\OpenSeesNET\analysis\analysis\AnalysisWrapper.h(206,16): message : 'new' or 'override' are only allowed when a matching base method from a ref class exists
  CoupledZeroLengthWrapper.cpp
  ZeroLengthElementWrapper.cpp
  Generating Code...
  Compiling...
  AdapterWrapper.cpp
  BeamColumnWrapper.cpp
  BearingWrapper.cpp
  BrickWrapper.cpp
  CatenaryCableWrapper.cpp
  CrdTransfWrapper.cpp
  OtherElementWrapper.cpp
  Quad4FiberOverlayWrapper.cpp
  SurfaceLoadWrapper.cpp
C:\Git Projects\OpenSees.NET\Win64\proj\OpenSeesNET\elements\ULBeamColumn\ULBeamColumnWrapper.h(19,10): warning C4067: unexpected tokens following preprocessor directive - expected a newline
C:\Git Projects\OpenSees.NET\src\element\surfaceLoad\TriSurfaceLoad.h(38,1): warning C4005: 'SL_NUM_NODE': macro redefinition
C:\Git Projects\OpenSees.NET\src\element\surfaceLoad\SurfaceLoad.h(39): message : see previous definition of 'SL_NUM_NODE'
C:\Git Projects\OpenSees.NET\src\element\surfaceLoad\TriSurfaceLoad.h(42,1): warning C4005: 'SL_NUM_DOF': macro redefinition
C:\Git Projects\OpenSees.NET\src\element\surfaceLoad\SurfaceLoad.h(43): message : see previous definition of 'SL_NUM_DOF'
C:\Git Projects\OpenSees.NET\src\element\surfaceLoad\TriSurfaceLoad.h(44,1): warning C4005: 'SL_NUM_DDOF': macro redefinition
  ShellWrapper.cpp
  TrussWrapper.cpp
  MaterialWrapper.cpp
  NDMaterialWrapper.cpp
  SectionForceDeformationWrapper.cpp
  FiberWrapper.cpp
  SectionIntegrationWrapper.cpp
  SectionRepresWrapper.cpp
  LimitCurveWrapper.cpp
  UniaxialMaterialWrapper.cpp
  UniaxialMaterialWrapper_all.cpp
  Generating Code...
  Compiling...
  YieldSurfaceWrapper.cpp
  RecorderWrapper.cpp
  ResponseWrapper_all.cpp
  TaggedObjectWrapper.cpp
  ModelBuilderEvent.cpp
  TclWrapper.cpp
  Generating Code...
C:\Git Projects\OpenSees.NET\src\element\surfaceLoad\SurfaceLoad.h(45): message : see previous definition of 'SL_NUM_DDOF'
C:\Program Files (x86)\Microsoft Visual Studio\2019\Enterprise\MSBuild\Microsoft\VC\v160\Microsoft.CppBuild.targets(1267,5): warning MSB8012: TargetPath(C:\Git Projects\OpenSees.NET\Win64\\bin\Debug\OpenSees.NET.x64.dll.dll) does not match the Linker's OutputFile property value (C:\Git Projects\OpenSees.NET\Win64\bin\Debug\OpenSees.NET.x64.dll). This may cause your project to build incorrectly. To correct this, please make sure that $(OutDir), $(TargetName) and $(TargetExt) property values match the value specified in %(Link.OutputFile).
C:\Program Files (x86)\Microsoft Visual Studio\2019\Enterprise\MSBuild\Microsoft\VC\v160\Microsoft.CppBuild.targets(1269,5): warning MSB8012: TargetName(OpenSees.NET.x64.dll) does not match the Linker's OutputFile property value (OpenSees.NET.x64). This may cause your project to build incorrectly. To correct this, please make sure that $(OutDir), $(TargetName) and $(TargetExt) property values match the value specified in %(Link.OutputFile).
  AcceleratorWrapper.obj : MSIL module encountered; incremental linking is disabled for MSIL; performing full link
     Creating library .\..\..\bin\Debug\OpenSees.NET.x64.lib and object .\..\..\bin\Debug\OpenSees.NET.x64.exp
LINK : warning LNK4098: defaultlib 'LIBCMTD' conflicts with use of other libs; use /NODEFAULTLIB:library
MSVCRTD.lib(initializers.obj) : warning LNK4098: defaultlib 'libcmt.lib' conflicts with use of other libs; use /NODEFAULTLIB:library
proxy.lib(InformationProxy.obj) : warning LNK4075: ignoring '/EDITANDCONTINUE' due to '/INCREMENTAL:NO' specification
  OpenSeesNET.vcxproj -> C:\Git Projects\OpenSees.NET\Win64\\bin\Debug\OpenSees.NET.x64.dll.dll
