C:\Program Files (x86)\Microsoft Visual Studio\2019\Enterprise\MSBuild\Microsoft\VC\v160\Microsoft.CppBuild.targets(467,5): warning MSB8028: The intermediate directory (x64\Release\) contains files shared from another project (OpenSeesWrapper.vcxproj).  This can lead to incorrect clean and rebuild behavior.
  stdafx.cpp
  AcceleratorWrapper.cpp
  AlgorithmsWrapper.cpp
  LineSearchWrapper.cpp
  AnalysisWrapper.cpp
F:\Omran Elm Afzar\OpenSees.NET new\OpenSees.NET\Win64\proj\OpenSeesNET\analysis\analysis\AnalysisWrapper.h(181,16): warning C4490: 'override': incorrect use of override specifier; 'OpenSees::Analysis::PFEMAnalysisAnalysisWrapper::Analyze' does not match a base ref class method
F:\Omran Elm Afzar\OpenSees.NET new\OpenSees.NET\Win64\proj\OpenSeesNET\analysis\analysis\AnalysisWrapper.h(181,16): message : 'new' or 'override' are only allowed when a matching base method from a ref class exists
F:\Omran Elm Afzar\OpenSees.NET new\OpenSees.NET\Win64\proj\OpenSeesNET\analysis\analysis\AnalysisWrapper.h(206,16): warning C4490: 'override': incorrect use of override specifier; 'OpenSees::Analysis::VariableTimeStepDirectIntegrationAnalysisWrapper::Analyze' does not match a base ref class method
F:\Omran Elm Afzar\OpenSees.NET new\OpenSees.NET\Win64\proj\OpenSeesNET\analysis\analysis\AnalysisWrapper.h(206,16): message : 'new' or 'override' are only allowed when a matching base method from a ref class exists
  ConstraintHandlerWrapper.cpp
  IncrementalIntegratorWrapper.cpp
  IntegratorWrapper.cpp
  StaticIntegratorWrapper.cpp
  TransientIntegratorWrapper.cpp
  AnalysisModelWrapper.cpp
  DOF_NumbererWrapper.cpp
  AssemblyInfo.cpp
  ConvergenceTestWrapper.cpp
  DamageModelWrapper.cpp
  DomainComponentWrapper.cpp
  ConstraintWrapper.cpp
  BaseDomainWrapper.cpp
  DomainEvent.cpp
  DomainWrapper.cpp
  GroudMotionWrapper.cpp
  Generating Code...
  Compiling...
  LoadWrapper.cpp
  NodeWrapper.cpp
  LoadPatternWrapper.cpp
  TimeSeriesWrapper.cpp
  AdapterWrapper.cpp
F:\Omran Elm Afzar\OpenSees.NET new\OpenSees.NET\Win64\proj\OpenSeesNET\materials\uniaxial\UniaxialMaterialWrapper_all.h(57,10): fatal error C1083: Cannot open include file: 'snap/Bilin.h': No such file or directory
  BaseElementWrapper.cpp
  BeamColumnWrapper.cpp
F:\Omran Elm Afzar\OpenSees.NET new\OpenSees.NET\Win64\proj\OpenSeesNET\materials\uniaxial\UniaxialMaterialWrapper_all.h(57,10): fatal error C1083: Cannot open include file: 'snap/Bilin.h': No such file or directory
  BeamIntegrationWrapper.cpp
  BearingWrapper.cpp
F:\Omran Elm Afzar\OpenSees.NET new\OpenSees.NET\Win64\proj\OpenSeesNET\materials\uniaxial\UniaxialMaterialWrapper_all.h(57,10): fatal error C1083: Cannot open include file: 'snap/Bilin.h': No such file or directory
  BrickWrapper.cpp
F:\Omran Elm Afzar\OpenSees.NET new\OpenSees.NET\Win64\proj\OpenSeesNET\materials\uniaxial\UniaxialMaterialWrapper_all.h(57,10): fatal error C1083: Cannot open include file: 'snap/Bilin.h': No such file or directory
  CatenaryCableWrapper.cpp
F:\Omran Elm Afzar\OpenSees.NET new\OpenSees.NET\Win64\proj\OpenSeesNET\materials\uniaxial\UniaxialMaterialWrapper_all.h(57,10): fatal error C1083: Cannot open include file: 'snap/Bilin.h': No such file or directory
  CrdTransfWrapper.cpp
  ElementWrapper.cpp
  ExternalElementWrapper.cpp
  OtherElementWrapper.cpp
F:\Omran Elm Afzar\OpenSees.NET new\OpenSees.NET\Win64\proj\OpenSeesNET\materials\uniaxial\UniaxialMaterialWrapper_all.h(57,10): fatal error C1083: Cannot open include file: 'snap/Bilin.h': No such file or directory
  Quad4FiberOverlayWrapper.cpp
F:\Omran Elm Afzar\OpenSees.NET new\OpenSees.NET\Win64\proj\OpenSeesNET\materials\uniaxial\UniaxialMaterialWrapper_all.h(57,10): fatal error C1083: Cannot open include file: 'snap/Bilin.h': No such file or directory
  SurfaceLoadWrapper.cpp
F:\Omran Elm Afzar\OpenSees.NET new\OpenSees.NET\src\element\surfaceLoad\TriSurfaceLoad.h(38,1): warning C4005: 'SL_NUM_NODE': macro redefinition
F:\Omran Elm Afzar\OpenSees.NET new\OpenSees.NET\src\element\surfaceLoad\SurfaceLoad.h(39): message : see previous definition of 'SL_NUM_NODE'
F:\Omran Elm Afzar\OpenSees.NET new\OpenSees.NET\src\element\surfaceLoad\TriSurfaceLoad.h(42,1): warning C4005: 'SL_NUM_DOF': macro redefinition
F:\Omran Elm Afzar\OpenSees.NET new\OpenSees.NET\src\element\surfaceLoad\SurfaceLoad.h(43): message : see previous definition of 'SL_NUM_DOF'
F:\Omran Elm Afzar\OpenSees.NET new\OpenSees.NET\src\element\surfaceLoad\TriSurfaceLoad.h(44,1): warning C4005: 'SL_NUM_DDOF': macro redefinition
F:\Omran Elm Afzar\OpenSees.NET new\OpenSees.NET\src\element\surfaceLoad\SurfaceLoad.h(45): message : see previous definition of 'SL_NUM_DDOF'
F:\Omran Elm Afzar\OpenSees.NET new\OpenSees.NET\Win64\proj\OpenSeesNET\materials\uniaxial\UniaxialMaterialWrapper_all.h(57,10): fatal error C1083: Cannot open include file: 'snap/Bilin.h': No such file or directory
  QuadWrapper.cpp
F:\Omran Elm Afzar\OpenSees.NET new\OpenSees.NET\Win64\proj\OpenSeesNET\materials\uniaxial\UniaxialMaterialWrapper_all.h(57,10): fatal error C1083: Cannot open include file: 'snap/Bilin.h': No such file or directory
  ShellWrapper.cpp
F:\Omran Elm Afzar\OpenSees.NET new\OpenSees.NET\Win64\proj\OpenSeesNET\materials\uniaxial\UniaxialMaterialWrapper_all.h(57,10): fatal error C1083: Cannot open include file: 'snap/Bilin.h': No such file or directory
  TrussWrapper.cpp
F:\Omran Elm Afzar\OpenSees.NET new\OpenSees.NET\Win64\proj\OpenSeesNET\materials\uniaxial\UniaxialMaterialWrapper_all.h(57,10): fatal error C1083: Cannot open include file: 'snap/Bilin.h': No such file or directory
  Generating Code...
  Compiling...
  ULBeamColumnWrapper.cpp
F:\Omran Elm Afzar\OpenSees.NET new\OpenSees.NET\Win64\proj\OpenSeesNET\elements\ULBeamColumn\ULBeamColumnWrapper.h(19,10): warning C4067: unexpected tokens following preprocessor directive - expected a newline
  CoupledZeroLengthWrapper.cpp
F:\Omran Elm Afzar\OpenSees.NET new\OpenSees.NET\Win64\proj\OpenSeesNET\materials\uniaxial\UniaxialMaterialWrapper_all.h(57,10): fatal error C1083: Cannot open include file: 'snap/Bilin.h': No such file or directory
  ZeroLengthElementWrapper.cpp
F:\Omran Elm Afzar\OpenSees.NET new\OpenSees.NET\Win64\proj\OpenSeesNET\materials\uniaxial\UniaxialMaterialWrapper_all.h(57,10): fatal error C1083: Cannot open include file: 'snap/Bilin.h': No such file or directory
  GraphNumbererWrapper.cpp
  HandlerWrapper.cpp
  MaterialWrapper.cpp
  NDMaterialWrapper.cpp
F:\Omran Elm Afzar\OpenSees.NET new\OpenSees.NET\Win64\proj\OpenSeesNET\materials\uniaxial\UniaxialMaterialWrapper_all.h(57,10): fatal error C1083: Cannot open include file: 'snap/Bilin.h': No such file or directory
  FiberWrapper.cpp
F:\Omran Elm Afzar\OpenSees.NET new\OpenSees.NET\Win64\proj\OpenSeesNET\materials\uniaxial\UniaxialMaterialWrapper_all.h(57,10): fatal error C1083: Cannot open include file: 'snap/Bilin.h': No such file or directory
  SectionIntegrationWrapper.cpp
F:\Omran Elm Afzar\OpenSees.NET new\OpenSees.NET\Win64\proj\OpenSeesNET\materials\uniaxial\UniaxialMaterialWrapper_all.h(57,10): fatal error C1083: Cannot open include file: 'snap/Bilin.h': No such file or directory
  PatchWrapper.cpp
  ReinfLayerWrapper.cpp
  SectionRepresWrapper.cpp
  SectionForceDeformationWrapper.cpp
F:\Omran Elm Afzar\OpenSees.NET new\OpenSees.NET\Win64\proj\OpenSeesNET\materials\uniaxial\UniaxialMaterialWrapper_all.h(57,10): fatal error C1083: Cannot open include file: 'snap/Bilin.h': No such file or directory
  LimitCurveWrapper.cpp
  UniaxialMaterialWrapper.cpp
  UniaxialMaterialWrapper_all.cpp
F:\Omran Elm Afzar\OpenSees.NET new\OpenSees.NET\Win64\proj\OpenSeesNET\materials\uniaxial\UniaxialMaterialWrapper_all.h(57,10): fatal error C1083: Cannot open include file: 'snap/Bilin.h': No such file or directory
  YieldSurfaceWrapper.cpp
  IDWrapper.cpp
  MatrixWrapper.cpp
  VectorWrapper.cpp
  Generating Code...
  Compiling...
  OPS.cpp
  InformationWrapper.cpp
  RecorderWrapper.cpp
  ResponseWrapper.cpp
  ResponseWrapper_all.cpp
F:\Omran Elm Afzar\OpenSees.NET new\OpenSees.NET\Win64\proj\OpenSeesNET\materials\uniaxial\UniaxialMaterialWrapper_all.h(57,10): fatal error C1083: Cannot open include file: 'snap/Bilin.h': No such file or directory
  ArpackSOEWrapper.cpp
  BandGENWrapper.cpp
  BandSPDWrapper.cpp
  DiagonalWrapper.cpp
  EigenSOEWrapper.cpp
  EigenSolverWrapper.cpp
  FullGENWrapper.cpp
  LinearSOESolverWrapper.cpp
  LinearSOEWrapper.cpp
  ProfileSPDWrapper.cpp
  SolverWrapper.cpp
  SparseGENWrapper.cpp
  SparseSYMWrapper.cpp
  SYMBandEigenWrapper.cpp
  SystemOfEqnWrapper.cpp
  Generating Code...
  Compiling...
  UmfpackGenWrapper.cpp
  TaggedObjectWrapper.cpp
  ModelBuilderEvent.cpp
F:\Omran Elm Afzar\OpenSees.NET new\OpenSees.NET\Win64\proj\OpenSeesNET\materials\uniaxial\UniaxialMaterialWrapper_all.h(57,10): fatal error C1083: Cannot open include file: 'snap/Bilin.h': No such file or directory
  TclWrapper.cpp
F:\Omran Elm Afzar\OpenSees.NET new\OpenSees.NET\Win64\proj\OpenSeesNET\materials\uniaxial\UniaxialMaterialWrapper_all.h(57,10): fatal error C1083: Cannot open include file: 'snap/Bilin.h': No such file or directory
  Generating Code...
